2025-06-14 22:09:12 [INFO]: 🚀 Server running on port 3001 {
  "service": "peptide-suggestions-api",
  "version": "1.0.0",
  "environment": "development",
  "port": "3001"
}
2025-06-14 22:09:12 [INFO]: 🔗 Available endpoints: {
  "service": "peptide-suggestions-api",
  "version": "1.0.0",
  "health": "http://localhost:3001/health",
  "suggestions": "http://localhost:3001/suggestions",
  "analytics": "http://localhost:3001/analytics"
}
2025-06-14 22:09:14 [INFO]: 🚀 Server running on port 3001 {
  "service": "peptide-suggestions-api",
  "version": "1.0.0",
  "environment": "development",
  "port": "3001"
}
2025-06-14 22:09:14 [INFO]: 🔗 Available endpoints: {
  "service": "peptide-suggestions-api",
  "version": "1.0.0",
  "health": "http://localhost:3001/health",
  "suggestions": "http://localhost:3001/suggestions",
  "analytics": "http://localhost:3001/analytics"
}
2025-06-14 22:09:28 [INFO]: HTTP Request {
  "service": "peptide-suggestions-api",
  "version": "1.0.0",
  "method": "POST",
  "url": "/",
  "status": 404,
  "duration": "1ms",
  "userAgent": "Mozilla/5.0 (Macintosh; Intel Mac OS X 10.15; rv:138.0) Gecko/20100101 Firefox/138.0",
  "ip": "::ffff:127.0.0.1"
}
2025-06-14 22:09:56 [INFO]: Processing suggestions request {
  "service": "peptide-suggestions-api",
  "version": "1.0.0",
  "requestId": "2e515add-133f-4d61-9d71-b6fea16c894c",
  "age": 23,
  "goal": "sleep",
  "ip": "::ffff:127.0.0.1",
  "userAgent": "Mozilla/5.0 (Macintosh; Intel Mac OS X 10.15; rv:138.0) Gecko/20100101 Firefox/138.0"
}
2025-06-14 22:09:56 [ERROR]: Error generating suggestions {
  "service": "peptide-suggestions-api",
  "version": "1.0.0",
  "requestId": "2e515add-133f-4d61-9d71-b6fea16c894c",
  "error": "analyticsLogger.analytics is not a function",
  "stack": "TypeError: analyticsLogger.analytics is not a function\n    at AnalyticsService.logGoalSelection (/Users/nariels/ReactjsProjects/fullstack-nodejs-challenge/backend/src/services/analyticsService.js:49:21)\n    at /Users/nariels/ReactjsProjects/fullstack-nodejs-challenge/backend/src/routes/suggestions.js:27:28\n    at newFn (/Users/nariels/ReactjsProjects/fullstack-nodejs-challenge/backend/node_modules/express-async-errors/index.js:16:20)\n    at Layer.handle [as handle_request] (/Users/nariels/ReactjsProjects/fullstack-nodejs-challenge/backend/node_modules/express/lib/router/layer.js:95:5)\n    at next (/Users/nariels/ReactjsProjects/fullstack-nodejs-challenge/backend/node_modules/express/lib/router/route.js:149:13)\n    at /Users/nariels/ReactjsProjects/fullstack-nodejs-challenge/backend/src/middleware/validation.js:99:5\n    at newFn (/Users/nariels/ReactjsProjects/fullstack-nodejs-challenge/backend/node_modules/express-async-errors/index.js:16:20)\n    at Layer.handle [as handle_request] (/Users/nariels/ReactjsProjects/fullstack-nodejs-challenge/backend/node_modules/express/lib/router/layer.js:95:5)\n    at next (/Users/nariels/ReactjsProjects/fullstack-nodejs-challenge/backend/node_modules/express/lib/router/route.js:149:13)\n    at Route.dispatch (/Users/nariels/ReactjsProjects/fullstack-nodejs-challenge/backend/node_modules/express/lib/router/route.js:119:3)",
  "age": 23,
  "goal": "sleep"
}
2025-06-14 22:09:56 [ERROR]: Server Error analyticsLogger.analytics is not a function {
  "service": "peptide-suggestions-api",
  "version": "1.0.0",
  "errorId": "edfa1852-2e94-468d-804a-1cabacd74c7a",
  "statusCode": 500,
  "stack": "TypeError: analyticsLogger.analytics is not a function\n    at AnalyticsService.logFailedRequest (/Users/nariels/ReactjsProjects/fullstack-nodejs-challenge/backend/src/services/analyticsService.js:90:21)\n    at /Users/nariels/ReactjsProjects/fullstack-nodejs-challenge/backend/src/routes/suggestions.js:67:28\n    at process.processTicksAndRejections (node:internal/process/task_queues:105:5)",
  "url": "/suggestions",
  "method": "POST",
  "ip": "::ffff:127.0.0.1"
}
2025-06-14 22:09:56 [INFO]: HTTP Request {
  "service": "peptide-suggestions-api",
  "version": "1.0.0",
  "method": "POST",
  "url": "/suggestions",
  "status": 500,
  "duration": "11ms",
  "userAgent": "Mozilla/5.0 (Macintosh; Intel Mac OS X 10.15; rv:138.0) Gecko/20100101 Firefox/138.0",
  "ip": "::ffff:127.0.0.1"
}
