2025-06-14 22:09:56 [ERROR]: Error generating suggestions {
  "service": "peptide-suggestions-api",
  "version": "1.0.0",
  "requestId": "2e515add-133f-4d61-9d71-b6fea16c894c",
  "error": "analyticsLogger.analytics is not a function",
  "stack": "TypeError: analyticsLogger.analytics is not a function\n    at AnalyticsService.logGoalSelection (/Users/nariels/ReactjsProjects/fullstack-nodejs-challenge/backend/src/services/analyticsService.js:49:21)\n    at /Users/nariels/ReactjsProjects/fullstack-nodejs-challenge/backend/src/routes/suggestions.js:27:28\n    at newFn (/Users/nariels/ReactjsProjects/fullstack-nodejs-challenge/backend/node_modules/express-async-errors/index.js:16:20)\n    at Layer.handle [as handle_request] (/Users/nariels/ReactjsProjects/fullstack-nodejs-challenge/backend/node_modules/express/lib/router/layer.js:95:5)\n    at next (/Users/nariels/ReactjsProjects/fullstack-nodejs-challenge/backend/node_modules/express/lib/router/route.js:149:13)\n    at /Users/nariels/ReactjsProjects/fullstack-nodejs-challenge/backend/src/middleware/validation.js:99:5\n    at newFn (/Users/nariels/ReactjsProjects/fullstack-nodejs-challenge/backend/node_modules/express-async-errors/index.js:16:20)\n    at Layer.handle [as handle_request] (/Users/nariels/ReactjsProjects/fullstack-nodejs-challenge/backend/node_modules/express/lib/router/layer.js:95:5)\n    at next (/Users/nariels/ReactjsProjects/fullstack-nodejs-challenge/backend/node_modules/express/lib/router/route.js:149:13)\n    at Route.dispatch (/Users/nariels/ReactjsProjects/fullstack-nodejs-challenge/backend/node_modules/express/lib/router/route.js:119:3)",
  "age": 23,
  "goal": "sleep"
}
2025-06-14 22:09:56 [ERROR]: Server Error analyticsLogger.analytics is not a function {
  "service": "peptide-suggestions-api",
  "version": "1.0.0",
  "errorId": "edfa1852-2e94-468d-804a-1cabacd74c7a",
  "statusCode": 500,
  "stack": "TypeError: analyticsLogger.analytics is not a function\n    at AnalyticsService.logFailedRequest (/Users/nariels/ReactjsProjects/fullstack-nodejs-challenge/backend/src/services/analyticsService.js:90:21)\n    at /Users/nariels/ReactjsProjects/fullstack-nodejs-challenge/backend/src/routes/suggestions.js:67:28\n    at process.processTicksAndRejections (node:internal/process/task_queues:105:5)",
  "url": "/suggestions",
  "method": "POST",
  "ip": "::ffff:127.0.0.1"
}
2025-06-14 22:15:46 [ERROR]: Error generating suggestions {
  "service": "peptide-suggestions-api",
  "version": "1.0.0",
  "requestId": "c1110b5a-fa53-47e9-9f74-b7e591c8e48c",
  "error": "analyticsService.logGoalSelection is not a function",
  "stack": "TypeError: analyticsService.logGoalSelection is not a function\n    at /Users/nariels/ReactjsProjects/fullstack-nodejs-challenge/backend/src/routes/suggestions.js:27:28\n    at newFn (/Users/nariels/ReactjsProjects/fullstack-nodejs-challenge/backend/node_modules/express-async-errors/index.js:16:20)\n    at Layer.handle [as handle_request] (/Users/nariels/ReactjsProjects/fullstack-nodejs-challenge/backend/node_modules/express/lib/router/layer.js:95:5)\n    at next (/Users/nariels/ReactjsProjects/fullstack-nodejs-challenge/backend/node_modules/express/lib/router/route.js:149:13)\n    at /Users/nariels/ReactjsProjects/fullstack-nodejs-challenge/backend/src/middleware/validation.js:99:5\n    at newFn (/Users/nariels/ReactjsProjects/fullstack-nodejs-challenge/backend/node_modules/express-async-errors/index.js:16:20)\n    at Layer.handle [as handle_request] (/Users/nariels/ReactjsProjects/fullstack-nodejs-challenge/backend/node_modules/express/lib/router/layer.js:95:5)\n    at next (/Users/nariels/ReactjsProjects/fullstack-nodejs-challenge/backend/node_modules/express/lib/router/route.js:149:13)\n    at Route.dispatch (/Users/nariels/ReactjsProjects/fullstack-nodejs-challenge/backend/node_modules/express/lib/router/route.js:119:3)\n    at newFn (/Users/nariels/ReactjsProjects/fullstack-nodejs-challenge/backend/node_modules/express-async-errors/index.js:16:20)",
  "age": 23,
  "goal": "sleep"
}
2025-06-14 22:15:46 [ERROR]: Server Error analyticsService.logFailedRequest is not a function {
  "service": "peptide-suggestions-api",
  "version": "1.0.0",
  "errorId": "ee6cc4ea-8a14-4af4-b1ec-d24ff236a5bd",
  "statusCode": 500,
  "stack": "TypeError: analyticsService.logFailedRequest is not a function\n    at /Users/nariels/ReactjsProjects/fullstack-nodejs-challenge/backend/src/routes/suggestions.js:67:28\n    at newFn (/Users/nariels/ReactjsProjects/fullstack-nodejs-challenge/backend/node_modules/express-async-errors/index.js:16:20)\n    at Layer.handle [as handle_request] (/Users/nariels/ReactjsProjects/fullstack-nodejs-challenge/backend/node_modules/express/lib/router/layer.js:95:5)\n    at next (/Users/nariels/ReactjsProjects/fullstack-nodejs-challenge/backend/node_modules/express/lib/router/route.js:149:13)\n    at /Users/nariels/ReactjsProjects/fullstack-nodejs-challenge/backend/src/middleware/validation.js:99:5\n    at newFn (/Users/nariels/ReactjsProjects/fullstack-nodejs-challenge/backend/node_modules/express-async-errors/index.js:16:20)\n    at Layer.handle [as handle_request] (/Users/nariels/ReactjsProjects/fullstack-nodejs-challenge/backend/node_modules/express/lib/router/layer.js:95:5)\n    at next (/Users/nariels/ReactjsProjects/fullstack-nodejs-challenge/backend/node_modules/express/lib/router/route.js:149:13)\n    at Route.dispatch (/Users/nariels/ReactjsProjects/fullstack-nodejs-challenge/backend/node_modules/express/lib/router/route.js:119:3)\n    at newFn (/Users/nariels/ReactjsProjects/fullstack-nodejs-challenge/backend/node_modules/express-async-errors/index.js:16:20)",
  "url": "/suggestions",
  "method": "POST",
  "ip": "::ffff:127.0.0.1"
}
